Arguments: 
  /Users/yliu/.nvm/versions/node/v9.11.1/bin/node /Users/yliu/.nvm/versions/node/v9.11.1/bin/yarn add threejs

PATH: 
  /Users/yliu/.rvm/gems/ruby-2.3.1/bin:/Users/yliu/.rvm/gems/ruby-2.3.1@global/bin:/Users/yliu/.rvm/rubies/ruby-2.3.1/bin:/Users/yliu/Downloads/google-cloud-sdk/bin:/Users/yliu/.local/bin:/usr/local/opt/icu4c/sbin:/usr/local/opt/icu4c/bin:/Users/yliu/.nvm/versions/node/v9.11.1/bin:/usr/local/bin:/usr/bin:/bin:/usr/sbin:/sbin:/Library/Frameworks/Mono.framework/Versions/Current/Commands:/usr/local/mysql/bin:/Users/yliu/.rvm/bin

Yarn version: 
  1.6.0

Node version: 
  9.11.1

Platform: 
  darwin x64

Trace: 
  Error: https://registry.yarnpkg.com/threejs: Not found
      at Request.params.callback [as _callback] (/Users/yliu/.nvm/versions/node/v9.11.1/lib/node_modules/yarn/lib/cli.js:65327:18)
      at Request.self.callback (/Users/yliu/.nvm/versions/node/v9.11.1/lib/node_modules/yarn/lib/cli.js:133155:22)
      at Request.emit (events.js:180:13)
      at Request.<anonymous> (/Users/yliu/.nvm/versions/node/v9.11.1/lib/node_modules/yarn/lib/cli.js:134138:10)
      at Request.emit (events.js:180:13)
      at IncomingMessage.<anonymous> (/Users/yliu/.nvm/versions/node/v9.11.1/lib/node_modules/yarn/lib/cli.js:134058:12)
      at Object.onceWrapper (events.js:272:13)
      at IncomingMessage.emit (events.js:185:15)
      at endReadableNT (_stream_readable.js:1106:12)
      at process._tickCallback (internal/process/next_tick.js:178:19)

npm manifest: 
  {
    "name": "threejs-controls",
    "version": "1.0.0",
    "description": "threejs example controls with es6 modules",
    "main": "index.js",
    "scripts": {
      "test": "yarn test"
    },
    "keywords": [
      "threejs",
      "controls",
      "es6"
    ],
    "author": "int2a",
    "license": "ISC"
  }

yarn manifest: 
  No manifest

Lockfile: 
  No lockfile
